2025-03-02 18:27:50,960 - INFO - Starting the cryptocurrency data pipeline...
2025-03-02 18:27:50,962 - ERROR - An error occurred in the pipeline: [Errno 2] No such file or directory: 'artificats/crypto_data.csv'
2025-03-02 18:28:16,900 - INFO - Starting the cryptocurrency data pipeline...
2025-03-02 18:28:17,572 - INFO - Pipeline executed successfully!
2025-03-02 18:28:34,464 - INFO - Starting the cryptocurrency data pipeline...
2025-03-02 18:28:35,138 - INFO - Pipeline executed successfully!
2025-03-02 18:28:49,787 - INFO - Starting the cryptocurrency data pipeline...
2025-03-02 18:28:50,488 - INFO - Pipeline executed successfully!
2025-03-02 18:34:59,400 - INFO - Starting the cryptocurrency data pipeline...
2025-03-02 18:34:59,400 - ERROR - An error occurred in the pipeline: load_and_preprocess_data() got an unexpected keyword argument 'target_column'
2025-03-02 18:35:24,973 - INFO - Starting the cryptocurrency data pipeline...
2025-03-02 18:35:25,691 - INFO - Pipeline executed successfully!
2025-03-02 18:35:34,649 - INFO - Starting the cryptocurrency data pipeline...
2025-03-02 18:35:35,459 - INFO - Pipeline executed successfully!
2025-03-02 18:35:51,972 - INFO - Starting the cryptocurrency data pipeline...
2025-03-02 18:35:52,737 - INFO - Pipeline executed successfully!
2025-03-02 20:24:48,121 - INFO - Starting the cryptocurrency data pipeline...
2025-03-02 20:24:48,486 - INFO - Pipeline executed successfully!
2025-03-02 20:32:29,690 - INFO - Starting the cryptocurrency data pipeline...
2025-03-02 21:15:45,084 - INFO - Starting the cryptocurrency data pipeline...
2025-03-02 21:15:45,503 - ERROR - An error occurred in the pipeline: Model.__init__() got an unexpected keyword argument 'inputs'
2025-03-02 21:16:12,904 - INFO - Starting the cryptocurrency data pipeline...
2025-03-02 21:16:13,460 - ERROR - An error occurred in the pipeline: Model.__init__() got an unexpected keyword argument 'inputs'
2025-03-02 21:19:35,991 - INFO - Starting the cryptocurrency data pipeline...
2025-03-02 21:19:36,513 - ERROR - An error occurred in the pipeline: 'Model' object has no attribute 'compile'
2025-03-02 21:21:19,823 - INFO - Starting the cryptocurrency data pipeline...
2025-03-02 21:21:20,137 - ERROR - An error occurred in the pipeline: 'Model' object has no attribute 'define_model'
2025-03-02 21:21:39,153 - INFO - Starting the cryptocurrency data pipeline...
2025-03-02 21:22:50,312 - ERROR - An error occurred in the pipeline: 'Model' object has no attribute 'save'
2025-03-02 21:23:13,253 - INFO - Starting the cryptocurrency data pipeline...
2025-03-02 21:24:26,502 - ERROR - An error occurred in the pipeline: Data cardinality is ambiguous. Make sure all arrays contain the same number of samples.'x' sizes: 52418
'y' sizes: 13105

2025-03-02 21:27:55,577 - INFO - Starting the cryptocurrency data pipeline...
2025-03-02 21:30:07,727 - ERROR - An error occurred in the pipeline: This MinMaxScaler instance is not fitted yet. Call 'fit' with appropriate arguments before using this estimator.
2025-03-02 21:32:21,807 - INFO - Starting the cryptocurrency data pipeline...
2025-03-02 21:33:38,423 - ERROR - An error occurred in the pipeline: Model.evaluate() missing 1 required positional argument: 'scaler'
2025-03-02 21:34:07,077 - INFO - Starting the cryptocurrency data pipeline...
2025-03-02 21:35:21,552 - ERROR - An error occurred in the pipeline: Model.evaluation() missing 1 required positional argument: 'scaler'
2025-03-02 21:35:39,347 - INFO - Starting the cryptocurrency data pipeline...
2025-03-02 21:44:07,374 - ERROR - An error occurred in the pipeline: This MinMaxScaler instance is not fitted yet. Call 'fit' with appropriate arguments before using this estimator.
2025-03-02 21:45:00,141 - INFO - Starting the cryptocurrency data pipeline...
2025-03-02 21:46:48,599 - ERROR - An error occurred in the pipeline: Found array with dim 3. None expected <= 2.
2025-03-02 21:52:46,777 - INFO - Starting the cryptocurrency data pipeline...
2025-03-02 21:54:20,007 - ERROR - An error occurred in the pipeline: Expected 2D array, got 1D array instead:
array=[0.10634815 0.12692096 0.30934991 ... 0.07536509 0.03924198 0.68553522].
Reshape your data either using array.reshape(-1, 1) if your data has a single feature or array.reshape(1, -1) if it contains a single sample.
2025-03-02 22:06:28,218 - INFO - Starting the cryptocurrency data pipeline...
2025-03-02 22:07:53,440 - ERROR - An error occurred in the pipeline: x and y can be no greater than 2D, but have shapes (13105,) and (13105, 50, 1)
2025-03-02 22:09:35,671 - INFO - Starting the cryptocurrency data pipeline...
2025-03-02 22:11:13,076 - INFO - Pipeline executed successfully!
2025-03-02 22:11:28,273 - INFO - Starting the cryptocurrency data pipeline...
2025-03-02 22:35:09,229 - INFO - Starting the cryptocurrency data pipeline...
2025-03-02 22:37:12,392 - INFO - Pipeline executed successfully!
2025-03-02 22:38:38,156 - INFO - Starting the cryptocurrency data pipeline...
2025-03-03 00:38:15,005 - INFO - Pipeline executed successfully!
